<?xml version="1.0" encoding="UTF-8"?>
<!-- Generated by org.testng.reporters.JUnitXMLReporter -->
<testsuite ignored="0" hostname="LAPTOP-JOSE" failures="0" tests="1" name="Default test" time="24.498" errors="0" timestamp="2024-10-01T01:38:18 PET">
  <testcase classname="io.cucumber.testng.AbstractTestNGCucumberTests" name="@AfterClass tearDownClass" time="3.243">
    <failure type="com.microsoft.playwright.PlaywrightException" message="Playwright connection closed">
      <![CDATA[com.microsoft.playwright.PlaywrightException: Playwright connection closed
at com.microsoft.playwright.impl.PipeTransport.send(PipeTransport.java:50)
at com.microsoft.playwright.impl.Connection.internalSendMessage(Connection.java:141)
at com.microsoft.playwright.impl.Connection.sendMessageAsync(Connection.java:117)
at com.microsoft.playwright.impl.Connection.sendMessage(Connection.java:113)
at com.microsoft.playwright.impl.ChannelOwner.sendMessage(ChannelOwner.java:102)
at com.microsoft.playwright.impl.ChannelOwner.sendMessage(ChannelOwner.java:98)
at com.microsoft.playwright.impl.BrowserImpl.closeImpl(BrowserImpl.java:84)
at com.microsoft.playwright.impl.BrowserImpl.lambda$close$0(BrowserImpl.java:71)
at com.microsoft.playwright.impl.LoggingSupport.lambda$withLogging$0(LoggingSupport.java:36)
at com.microsoft.playwright.impl.LoggingSupport.withLogging(LoggingSupport.java:47)
at com.microsoft.playwright.impl.ChannelOwner.withLogging(ChannelOwner.java:87)
at com.microsoft.playwright.impl.LoggingSupport.withLogging(LoggingSupport.java:35)
at com.microsoft.playwright.impl.BrowserImpl.close(BrowserImpl.java:71)
at com.orangehrmlive.steps.LoginSteps.tearDown(LoginSteps.java:50)
]]>
    </failure>
  </testcase> <!-- @AfterClass tearDownClass -->
  <testcase classname="io.cucumber.testng.AbstractTestNGCucumberTests" name="runScenario" time="14.206"/>
</testsuite> <!-- Default test -->
